Determining if the pthread_create exist failed with the following output:
Change Dir: /home/tardis/tardis_workspace/quadrotor/build/CMakeFiles/CMakeTmp

Run Build Command:"/usr/bin/make" "cmTC_2e084/fast"
/usr/bin/make -f CMakeFiles/cmTC_2e084.dir/build.make CMakeFiles/cmTC_2e084.dir/build
make[1]: Entering directory '/home/tardis/tardis_workspace/quadrotor/build/CMakeFiles/CMakeTmp'
Building C object CMakeFiles/cmTC_2e084.dir/CheckSymbolExists.c.o
/usr/bin/cc     -o CMakeFiles/cmTC_2e084.dir/CheckSymbolExists.c.o   -c /home/tardis/tardis_workspace/quadrotor/build/CMakeFiles/CMakeTmp/CheckSymbolExists.c
Linking C executable cmTC_2e084
/usr/bin/cmake -E cmake_link_script CMakeFiles/cmTC_2e084.dir/link.txt --verbose=1
/usr/bin/cc       CMakeFiles/cmTC_2e084.dir/CheckSymbolExists.c.o  -o cmTC_2e084 -rdynamic 
CMakeFiles/cmTC_2e084.dir/CheckSymbolExists.c.o: In function `main':
CheckSymbolExists.c:(.text+0x16): undefined reference to `pthread_create'
collect2: error: ld returned 1 exit status
CMakeFiles/cmTC_2e084.dir/build.make:97: recipe for target 'cmTC_2e084' failed
make[1]: *** [cmTC_2e084] Error 1
make[1]: Leaving directory '/home/tardis/tardis_workspace/quadrotor/build/CMakeFiles/CMakeTmp'
Makefile:126: recipe for target 'cmTC_2e084/fast' failed
make: *** [cmTC_2e084/fast] Error 2

File /home/tardis/tardis_workspace/quadrotor/build/CMakeFiles/CMakeTmp/CheckSymbolExists.c:
/* */
#include <pthread.h>

int main(int argc, char** argv)
{
  (void)argv;
#ifndef pthread_create
  return ((int*)(&pthread_create))[argc];
#else
  (void)argc;
  return 0;
#endif
}

Determining if the function pthread_create exists in the pthreads failed with the following output:
Change Dir: /home/tardis/tardis_workspace/quadrotor/build/CMakeFiles/CMakeTmp

Run Build Command:"/usr/bin/make" "cmTC_da033/fast"
/usr/bin/make -f CMakeFiles/cmTC_da033.dir/build.make CMakeFiles/cmTC_da033.dir/build
make[1]: Entering directory '/home/tardis/tardis_workspace/quadrotor/build/CMakeFiles/CMakeTmp'
Building C object CMakeFiles/cmTC_da033.dir/CheckFunctionExists.c.o
/usr/bin/cc    -DCHECK_FUNCTION_EXISTS=pthread_create   -o CMakeFiles/cmTC_da033.dir/CheckFunctionExists.c.o   -c /usr/share/cmake-3.5/Modules/CheckFunctionExists.c
Linking C executable cmTC_da033
/usr/bin/cmake -E cmake_link_script CMakeFiles/cmTC_da033.dir/link.txt --verbose=1
/usr/bin/cc   -DCHECK_FUNCTION_EXISTS=pthread_create    CMakeFiles/cmTC_da033.dir/CheckFunctionExists.c.o  -o cmTC_da033 -rdynamic -lpthreads 
/usr/bin/ld: cannot find -lpthreads
collect2: error: ld returned 1 exit status
CMakeFiles/cmTC_da033.dir/build.make:97: recipe for target 'cmTC_da033' failed
make[1]: *** [cmTC_da033] Error 1
make[1]: Leaving directory '/home/tardis/tardis_workspace/quadrotor/build/CMakeFiles/CMakeTmp'
Makefile:126: recipe for target 'cmTC_da033/fast' failed
make: *** [cmTC_da033/fast] Error 2


